make all --print-data-base --no-builtin-variables --no-builtin-rules --question
# GNU Make 4.2.1
# Built for x86_64-pc-linux-gnu
# Copyright (C) 1988-2016 Free Software Foundation, Inc.
# License GPLv3+: GNU GPL version 3 or later <http://gnu.org/licenses/gpl.html>
# This is free software: you are free to change and redistribute it.
# There is NO WARRANTY, to the extent permitted by law.

# Make data base, printed on Mon Aug  1 09:51:19 2022

# Variables

# 'override' directive
GNUMAKEFLAGS := 
# automatic
<D = $(patsubst %/,%,$(dir $<))
# automatic
?F = $(notdir $?)
# environment
NODE_VERSION_PREFIX = v
# environment
DESKTOP_SESSION = xsession
# default
.SHELLFLAGS := -c
# environment
XDG_SESSION_CLASS = user
# environment
XDG_SESSION_TYPE = x11
# environment
GTK3_MODULES = xapp-gtk3-module
# automatic
?D = $(patsubst %/,%,$(dir $?))
# automatic
@D = $(patsubst %/,%,$(dir $@))
# environment
XAUTHORITY = /home/guillaume.perreal/.Xauthority
# environment
GDMSESSION = xsession
# environment
XMODIFIERS = @im=fcitx
# makefile
CURDIR := /home/guillaume.perreal/src/adirelle/docker-graph
# makefile
SHELL = /bin/sh
# environment
GDM_LANG = fr_FR
# environment
VSCODE_NLS_CONFIG = {"locale":"fr","availableLanguages":{"*":"fr"},"_languagePackId":"8e1a08857df44efaeace20a1f4372f40.fr","_translationsConfigFile":"/home/guillaume.perreal/.config/Code/clp/8e1a08857df44efaeace20a1f4372f40.fr/tcf.json","_cacheRoot":"/home/guillaume.perreal/.config/Code/clp/8e1a08857df44efaeace20a1f4372f40.fr","_resolvedLanguagePackCoreLocation":"/home/guillaume.perreal/.config/Code/clp/8e1a08857df44efaeace20a1f4372f40.fr/3b889b090b5ad5793f524b5d1d39fda662b96a2a","_corruptedFile":"/home/guillaume.perreal/.config/Code/clp/8e1a08857df44efaeace20a1f4372f40.fr/corrupted.info","_languagePackSupport":true}
# environment
JOURNAL_STREAM = 8:86460
# environment
XDG_CONFIG_DIRS = /etc/xdg/xdg-xsession:/etc/xdg
# makefile (from 'Makefile', line 1)
MAKEFILE_LIST :=  Makefile
# automatic
@F = $(notdir $@)
# environment
TMP = /tmp/user/1621
# environment
MAKELEVEL := 0
# environment
MANDATORY_PATH = /usr/share/gconf/xsession.mandatory.path
# environment
XDG_DATA_DIRS = /home/guillaume.perreal/.nix-profile/share:/home/guillaume.perreal/.local/share:/usr/share/ubuntu:/usr/local/share:/usr/share:/var/lib/snapd/desktop:/usr/share/xsession:/home/guillaume.perreal/.nix-profile/share:/home/guillaume.perreal/.local/share:/usr/share/ubuntu:/usr/local/share:/usr/share:/var/lib/snapd/desktop:/home/guillaume.perreal/.nix-profile/share:/home/guillaume.perreal/.local/share:/usr/share/ubuntu:/usr/local/share:/usr/share:/var/lib/snapd/desktop:/home/guillaume.perreal/.local/share/flatpak/exports/share:/var/lib/flatpak/exports/share:/usr/local/share:/usr/share:/var/lib/snapd/desktop
# environment
VSCODE_AMD_ENTRYPOINT = vs/workbench/api/node/extensionHostProcess
# environment
AUTOJUMP_SOURCED = 1
# environment
DBUS_SESSION_BUS_ADDRESS = unix:path=/run/user/1621/bus
# environment
_ = /usr/share/code/code
# environment
XIDLEHOOK_SOCK = /run/user/1621/.xidlehook-c2.sock
# environment
MANAGERPID = 2554
# environment
VSCODE_CWD = /home/guillaume.perreal
# environment
GPG_AGENT_INFO = /run/user/1621/gnupg/S.gpg-agent:0:1
# environment
GOPROXY = https://proxy.golang.org,direct
# environment
XDG_SESSION_PATH = /org/freedesktop/DisplayManager/Session0
# environment
KRB5CCNAME = FILE:/tmp/krb5cc_1621_Prm2rx
# default
MAKE_HOST := x86_64-pc-linux-gnu
# environment
PATH = /home/guillaume.perreal/.local/go/bin:/home/guillaume.perreal/.bun/bin:/home/guillaume.perreal/bin:/home/guillaume.perreal/.cargo/bin:/home/guillaume.perreal/.nix-profile/bin:/usr/local/sbin:/usr/local/bin:/usr/sbin:/usr/bin:/sbin:/bin:/usr/games:/usr/local/games:/snap/bin:/home/guillaume.perreal/.local/bin
# environment
LOCALE_ARCHIVE_2_27 = /nix/store/y2lj3m0mv05pnn19v0i2323xqkmv4chq-glibc-locales-2.33-47/lib/locale/locale-archive
# environment
NODE_VERSIONS = /home/guillaume.perreal/.local/share/nvm
# environment
XDG_RUNTIME_DIR = /run/user/1621
# environment
LC_MESSAGES = C
# environment
TEMPDIR = /tmp/user/1621
# environment
GOPATH = /home/guillaume.perreal/src/go
# environment
ELECTRON_RUN_AS_NODE = 1
# environment
INVOCATION_ID = 7956d6f21cd3492694d42280bb354d58
# environment
GTK2_RC_FILES = /home/guillaume.perreal/.gtkrc-2.0
# default
.FEATURES := target-specific order-only second-expansion else-if shortest-stem undefine oneshell archives jobserver output-sync check-symlink load
# environment
XDG_GREETER_DATA_DIR = /var/lib/lightdm-data/guillaume.perreal
# environment
XDG_SESSION_DESKTOP = xsession
# environment
SSH_AUTH_SOCK = /run/user/1621/.ssh-agent.sock
# automatic
%F = $(notdir $%)
# environment
DISPLAY = :0
# environment
NIX_SSL_CERT_FILE = /etc/ssl/certs/ca-certificates.crt
# environment
GTK_IM_MODULE = fcitx
# environment
PWD = /home/guillaume.perreal/src/adirelle/docker-graph
# default
.LOADED := 
# environment
SSH_AGENT_PID = 4530
# environment
ORIGINAL_XDG_CURRENT_DESKTOP = Default
# environment
GTK_MODULES = gail:atk-bridge
# environment
MANPATH = /home/guillaume.perreal/.nix-profile/share/man:/home/guillaume.perreal/.local/share/man:/usr/local/share/man:/usr/share/man
# environment
GOMODCACHE = /home/guillaume.perreal/src/go/pkg/mod
# environment
HOME = /home/guillaume.perreal
# environment
XDG_CACHE_HOME = /home/guillaume.perreal/.cache
# environment
VSCODE_CODE_CACHE_PATH = /home/guillaume.perreal/.config/Code/CachedData/3b889b090b5ad5793f524b5d1d39fda662b96a2a
# environment
LOGNAME = guillaume.perreal
# environment
APPLICATION_INSIGHTS_NO_DIAGNOSTIC_CHANNEL = true
# environment
NVM_CD_FLAGS = 
# environment
VSCODE_HANDLES_UNCAUGHT_ERRORS = true
# default
MAKE_VERSION := 4.2.1
# automatic
^D = $(patsubst %/,%,$(dir $^))
# environment
LC_TIME = fr_CA.UTF-8
# default
MAKE = $(MAKE_COMMAND)
# default
MAKECMDGOALS := all
# environment
QT_IM_MODULE = fcitx
# makefile (from 'Makefile', line 2)
GENERATE_FLAGS = -x
# environment
SHLVL = 1
# environment
NIX_PATH = /home/guillaume.perreal/.nix-defexpr/channels:/home/guillaume.perreal/.nix-defexpr/channels:/home/guillaume.perreal/.nix-defexpr/channels
# environment
NIX_PROFILES = /nix/var/nix/profiles/default /home/guillaume.perreal/.nix-profile
# makefile (from 'Makefile', line 1)
BUILD_FLAGS = -v
# environment
XDG_SESSION_ID = c2
# environment
USER = guillaume.perreal
# makefile
.DEFAULT_GOAL := all
# environment
XDG_CURRENT_DESKTOP = Default
# environment
GOROOT = /home/guillaume.perreal/.local/go
# automatic
%D = $(patsubst %/,%,$(dir $%))
# environment
I3SOCK = /run/user/1621/.i3-c2.sock
# default
MAKE_COMMAND := make
# default
.VARIABLES := 
# environment
TMPDIR = /tmp/user/1621
# automatic
*F = $(notdir $*)
# environment
LANGUAGE = fr_FR
# environment
XDG_SEAT_PATH = /org/freedesktop/DisplayManager/Seat0
# environment
VSCODE_IPC_HOOK = /run/user/1621/vscode-003428a1-1.69.2-main.sock
# environment
BUN_INSTALL = /home/guillaume.perreal/.bun
# makefile
MAKEFLAGS = pqrR
# environment
MFLAGS = -pqrR
# automatic
*D = $(patsubst %/,%,$(dir $*))
# environment
NVM_DIR = /home/guillaume.perreal/.nvm
# automatic
+D = $(patsubst %/,%,$(dir $+))
# environment
GDK_BACKEND = x11
# automatic
+F = $(notdir $+)
# environment
TERMINFO_DIRS = /home/guillaume.perreal/.nix-profile/share/terminfo:/etc/terminfo:/lib/terminfo:/usr/share/terminfo
# environment
QT_ACCESSIBILITY = 1
# environment
TEMP = /tmp/user/1621
# environment
DEFAULTS_PATH = /usr/share/gconf/xsession.default.path
# default
MAKEFILES := 
# automatic
<F = $(notdir $<)
# environment
XDG_CONFIG_HOME = /home/guillaume.perreal/.config
# environment
LC_ALL = C
# environment
_XPROFILE_SOURCED = 1
# automatic
^F = $(notdir $^)
# environment
XDG_DATA_HOME = /home/guillaume.perreal/.local/share
# default
SUFFIXES := 
# environment
CHROME_DESKTOP = code-url-handler.desktop
# default
.INCLUDE_DIRS = /usr/include /usr/local/include /usr/include
# default
.RECIPEPREFIX := 
# environment
AUTOJUMP_ERROR_PATH = /home/guillaume.perreal/.local/share/autojump/errors.log
# environment
LANG = C
# environment
VSCODE_PID = 41142
# variable set hash-table stats:
# Load=121/1024=12%, Rehash=0, Collisions=17/149=11%

# Pattern-specific Variable Values

# No pattern-specific variable values.

# Directories

# . (device 66309, inode 9054844): 19 files, no impossibilities.

# 19 files, no impossibilities in 1 directories.

# Implicit Rules

# No implicit rules.

# Files

all: build
#  Phony target (prerequisite of .PHONY).
#  Command line target.
#  Implicit rule search has not been done.
#  File does not exist.
#  File has been updated.
#  Needs to be updated (-q is set).
# variable set hash-table stats:
# Load=0/32=0%, Rehash=0, Collisions=0/3=0%

 
.PHONY: all clean build generate dev prereq modd get node_modules
#  Implicit rule search has not been done.
#  Modification time never checked.
#  File has not been updated.

devtools:
#  Implicit rule search has not been done.
#  Modification time never checked.
#  File has not been updated.
#  recipe to execute (from 'Makefile', line 30):
	go install github.com/cortesi/modd/cmd/modd@latest
	go install github.com/cortesi/devd/cmd/devd@latest

# Not a target:
.SUFFIXES:
#  Implicit rule search has not been done.
#  Modification time never checked.
#  File has not been updated.

prereq:
#  Phony target (prerequisite of .PHONY).
#  Implicit rule search has not been done.
#  File does not exist.
#  File has not been updated.

# Not a target:
Makefile:
#  Implicit rule search has been done.
#  Last modified 2022-08-01 09:50:39.655886654
#  File has been updated.
#  Successfully updated.

build: generate get
#  Phony target (prerequisite of .PHONY).
#  Implicit rule search has not been done.
#  File does not exist.
#  File has been updated.
#  Needs to be updated (-q is set).
# variable set hash-table stats:
# Load=0/32=0%, Rehash=0, Collisions=0/3=0%
#  recipe to execute (from 'Makefile', line 15):
	go build $(BUILD_FLAGS) ./src/go/cli/docker-graph

modd:
#  Phony target (prerequisite of .PHONY).
#  Implicit rule search has not been done.
#  File does not exist.
#  File has not been updated.

generate: get node_modules
#  Phony target (prerequisite of .PHONY).
#  Implicit rule search has not been done.
#  File does not exist.
#  File has been updated.
#  Needs to be updated (-q is set).
# variable set hash-table stats:
# Load=0/32=0%, Rehash=0, Collisions=0/3=0%
#  recipe to execute (from 'Makefile', line 18):
	go generate $(GENERATE_FLAGS) ./...

cleaner: clean
#  Implicit rule search has not been done.
#  Modification time never checked.
#  File has not been updated.
#  recipe to execute (from 'Makefile', line 12):
	rm -fr node_modules

dev: devtools get node_modules
#  Phony target (prerequisite of .PHONY).
#  Implicit rule search has not been done.
#  File does not exist.
#  File has not been updated.
#  recipe to execute (from 'Makefile', line 21):
	modd -f pkg/cli/docker-graph/modd.conf

# Not a target:
.DEFAULT:
#  Implicit rule search has not been done.
#  Modification time never checked.
#  File has not been updated.

clean:
#  Phony target (prerequisite of .PHONY).
#  Implicit rule search has not been done.
#  File does not exist.
#  File has not been updated.
#  recipe to execute (from 'Makefile', line 9):
	rm -fr docker-graph

get:
#  Phony target (prerequisite of .PHONY).
#  Implicit rule search has not been done.
#  Implicit/static pattern stem: ''
#  File does not exist.
#  File has been updated.
#  Needs to be updated (-q is set).
# automatic
# @ := get
# automatic
# % := 
# automatic
# * := 
# automatic
# + := 
# automatic
# | := 
# automatic
# < := 
# automatic
# ^ := 
# automatic
# ? := 
# variable set hash-table stats:
# Load=8/32=25%, Rehash=0, Collisions=1/11=9%
#  recipe to execute (from 'Makefile', line 24):
	go get -v ./...

node_modules:
#  Phony target (prerequisite of .PHONY).
#  Implicit rule search has not been done.
#  File does not exist.
#  File has not been updated.
#  recipe to execute (from 'Makefile', line 27):
	bun install

# files hash-table stats:
# Load=15/1024=1%, Rehash=0, Collisions=0/52=0%
# VPATH Search Paths

# No 'vpath' search paths.

# No general ('VPATH' variable) search path.

# strcache buffers: 1 (0) / strings = 35 / storage = 295 B / avg = 8 B
# current buf: size = 8162 B / used = 295 B / count = 35 / avg = 8 B

# strcache performance: lookups = 67 / hit rate = 47%
# hash-table stats:
# Load=35/8192=0%, Rehash=0, Collisions=1/67=1%
# Finished Make data base on Mon Aug  1 09:51:19 2022

 
